#
# A fatal error has been detected by the Java Runtime Environment:
#
#  EXCEPTION_ACCESS_VIOLATION (0xc0000005) at pc=0x0000000002ea4799, pid=4452, tid=0x0000000000001410
#
# JRE version: Java(TM) SE Runtime Environment (8.0_111-b14) (build 1.8.0_111-b14)
# Java VM: Java HotSpot(TM) 64-Bit Server VM (25.111-b14 mixed mode windows-amd64 compressed oops)
# Problematic frame:
# C  0x0000000002ea4799
#
# Failed to write core dump. Minidumps are not enabled by default on client versions of Windows
#
# If you would like to submit a bug report, please visit:
#   http://bugreport.java.com/bugreport/crash.jsp
# The crash happened outside the Java Virtual Machine in native code.
# See problematic frame for where to report the bug.
#

---------------  T H R E A D  ---------------

Current thread (0x00000000573e1800):  JavaThread "Thread-2" daemon [_thread_in_native, id=5136, stack(0x0000000059c10000,0x0000000059d10000)]

siginfo: ExceptionCode=0xc0000005, reading address 0x00000000442f951d

Registers:
RAX=0x00000000002f9518, RBX=0x00000000002f9518, RCX=0x00000000002f9518, RDX=0x0000000000000000
RSP=0x0000000059d0f918, RBP=0x0000000000000000, RSI=0x0000000000000010, RDI=0x000000006b80e920
R8 =0x000000006a66092f, R9 =0x000000006afb0000, R10=0x0000000000000000, R11=0x0000000059d0f8e0
R12=0x0000000000000000, R13=0x0000000000000000, R14=0x0000000000000000, R15=0x000007fef6cfed00
RIP=0x0000000002ea4799, EFLAGS=0x0000000000010202

Top of Stack: (sp=0x0000000059d0f918)
0x0000000059d0f918:   000000006b80eab3 00000000573e19f8
0x0000000059d0f928:   0000000000000000 0000000054df1bc0
0x0000000059d0f938:   0000000000000000 000000006b80e920
0x0000000059d0f948:   000007fef6cd2dde 0000000000000000
0x0000000059d0f958:   0000000000000000 0000000000000000
0x0000000059d0f968:   0000000000000000 0000000000000000
0x0000000059d0f978:   0000000000000000 000000006b80e920
0x0000000059d0f988:   000007fef6cda95d 00000000002f9510
0x0000000059d0f998:   0000000000000010 000007fef6d00400
0x0000000059d0f9a8:   00000000002f9510 00000000002f9510
0x0000000059d0f9b8:   0000000000000000 0000000000000000
0x0000000059d0f9c8:   0000000000000000 0000001000000000
0x0000000059d0f9d8:   0000000000000000 0000000000000000
0x0000000059d0f9e8:   0000000000000000 0000000000000000
0x0000000059d0f9f8:   0000000000000000 0000000000000000
0x0000000059d0fa08:   0000000000000000 0000000000000000 

Instructions: (pc=0x0000000002ea4799)
0x0000000002ea4779:   1a 86 ff 48 85 c0 74 0b 48 8b d0 4c 8b c5 e8 14
0x0000000002ea4789:   1a 86 ff 44 8b 54 24 34 45 8b 5a 5c 45 85 db 0f
0x0000000002ea4799:   85 a3 05 00 00 44 8b 5c 24 30 e9 8d f1 ff ff 41
0x0000000002ea47a9:   c6 40 15 01 45 8b 98 94 00 00 00 49 8b c8 45 85 


Register to memory mapping:

RAX=0x00000000002f9518 is an unknown value
RBX=0x00000000002f9518 is an unknown value
RCX=0x00000000002f9518 is an unknown value
RDX=0x0000000000000000 is an unknown value
RSP=0x0000000059d0f918 is pointing into the stack for thread: 0x00000000573e1800
RBP=0x0000000000000000 is an unknown value
RSI=0x0000000000000010 is an unknown value
RDI=0x000000006b80e920 is an unknown value
R8 =0x000000006a66092f is an unknown value
R9 =0x000000006afb0000 is an unknown value
R10=0x0000000000000000 is an unknown value
R11=0x0000000059d0f8e0 is pointing into the stack for thread: 0x00000000573e1800
R12=0x0000000000000000 is an unknown value
R13=0x0000000000000000 is an unknown value
R14=0x0000000000000000 is an unknown value
R15=0x000007fef6cfed00 is an unknown value


Stack: [0x0000000059c10000,0x0000000059d10000],  sp=0x0000000059d0f918,  free space=1022k
Native frames: (J=compiled Java code, j=interpreted, Vv=VM code, C=native code)


---------------  P R O C E S S  ---------------

Java Threads: ( => current thread )
  0x000000005a63b800 JavaThread "AWT-Shutdown" [_thread_blocked, id=6544, stack(0x0000000063c80000,0x0000000063d80000)]
  0x000000005a635800 JavaThread "Java2D Disposer" daemon [_thread_blocked, id=6784, stack(0x00000000622e0000,0x00000000623e0000)]
  0x000000005a273800 JavaThread "Prism Font Disposer" daemon [_thread_blocked, id=3768, stack(0x000000005d620000,0x000000005d720000)]
  0x000000005737c800 JavaThread "JavaFX-Launcher" [_thread_blocked, id=6580, stack(0x0000000059d70000,0x0000000059e70000)]
=>0x00000000573e1800 JavaThread "Thread-2" daemon [_thread_in_native, id=5136, stack(0x0000000059c10000,0x0000000059d10000)]
  0x000000005734a800 JavaThread "JavaFX Application Thread" [_thread_blocked, id=5112, stack(0x0000000058330000,0x0000000058430000)]
  0x0000000057349000 JavaThread "Thread-1" daemon [_thread_blocked, id=6496, stack(0x0000000058110000,0x0000000058210000)]
  0x00000000568bd800 JavaThread "Service Thread" daemon [_thread_blocked, id=5268, stack(0x0000000056f80000,0x0000000057080000)]
  0x0000000056844000 JavaThread "C1 CompilerThread2" daemon [_thread_blocked, id=6336, stack(0x0000000056c80000,0x0000000056d80000)]
  0x0000000056842800 JavaThread "C2 CompilerThread1" daemon [_thread_blocked, id=7132, stack(0x0000000056d80000,0x0000000056e80000)]
  0x0000000054e0c000 JavaThread "C2 CompilerThread0" daemon [_thread_blocked, id=6876, stack(0x0000000056740000,0x0000000056840000)]
  0x0000000054e0b000 JavaThread "Attach Listener" daemon [_thread_blocked, id=6712, stack(0x0000000056510000,0x0000000056610000)]
  0x0000000054e08000 JavaThread "Signal Dispatcher" daemon [_thread_blocked, id=5296, stack(0x00000000562b0000,0x00000000563b0000)]
  0x0000000054dea800 JavaThread "Finalizer" daemon [_thread_blocked, id=6760, stack(0x0000000055d50000,0x0000000055e50000)]
  0x0000000054da3800 JavaThread "Reference Handler" daemon [_thread_blocked, id=6540, stack(0x0000000056030000,0x0000000056130000)]
  0x000000000068f800 JavaThread "main" [_thread_blocked, id=6320, stack(0x00000000022f0000,0x00000000023f0000)]

Other Threads:
  0x0000000054d9b800 VMThread [stack: 0x0000000055ed0000,0x0000000055fd0000] [id=6064]
  0x00000000568e4000 WatcherThread [stack: 0x00000000571e0000,0x00000000572e0000] [id=6812]

VM state:not at safepoint (normal execution)

VM Mutex/Monitor currently owned by a thread: None

Heap:
 PSYoungGen      total 132608K, used 66170K [0x00000000eaf00000, 0x00000000f6100000, 0x0000000100000000)
  eden space 112128K, 51% used [0x00000000eaf00000,0x00000000ee73d5a0,0x00000000f1c80000)
  from space 20480K, 41% used [0x00000000f1c80000,0x00000000f24e1300,0x00000000f3080000)
  to   space 19456K, 0% used [0x00000000f4e00000,0x00000000f4e00000,0x00000000f6100000)
 ParOldGen       total 77312K, used 38423K [0x00000000c0c00000, 0x00000000c5780000, 0x00000000eaf00000)
  object space 77312K, 49% used [0x00000000c0c00000,0x00000000c3185cf8,0x00000000c5780000)
 Metaspace       used 40594K, capacity 42542K, committed 42840K, reserved 1087488K
  class space    used 5321K, capacity 5666K, committed 5760K, reserved 1048576K

Card table byte_map: [0x0000000011a80000,0x0000000011c80000] byte_map_base: 0x000000001147a000

Marking Bits: (ParMarkBitMap*) 0x000000006a84a6c0
 Begin Bits: [0x0000000012270000, 0x0000000013240000)
 End Bits:   [0x0000000013240000, 0x0000000014210000)

Polling page: 0x0000000000220000

CodeCache: size=245760Kb used=22567Kb max_used=22572Kb free=223192Kb
 bounds [0x00000000026c0000, 0x0000000003d00000, 0x00000000116c0000]
 total_blobs=7667 nmethods=6872 adapters=705
 compilation: enabled

Compilation events (10 events):
Event: 136.121 Thread 0x0000000056844000 nmethod 8077 0x000000000398ee50 code [0x000000000398f040, 0x000000000398faa8]
Event: 136.189 Thread 0x0000000056842800 nmethod 8076 0x000000000398c250 code [0x000000000398c3c0, 0x000000000398d118]
Event: 136.638 Thread 0x0000000056844000 8078       3       javafx.beans.binding.DoubleBinding::invalidate (24 bytes)
Event: 136.638 Thread 0x0000000056844000 nmethod 8078 0x000000000398bb50 code [0x000000000398bce0, 0x000000000398c098]
Event: 137.038 Thread 0x0000000054e0c000 8079       4       com.sun.javafx.css.StyleManager$RefList::remove (81 bytes)
Event: 137.060 Thread 0x0000000054e0c000 nmethod 8079 0x00000000028d4590 code [0x00000000028d4720, 0x00000000028d4aa8]
Event: 137.064 Thread 0x0000000056844000 8080       3       java.security.AccessControlContext::combine (205 bytes)
Event: 137.079 Thread 0x0000000056844000 nmethod 8080 0x000000000398dd90 code [0x000000000398df80, 0x000000000398ea58]
Event: 137.080 Thread 0x0000000056844000 8081       3       java.util.logging.LogManager$LoggerContext::ensureDefaultLogger (70 bytes)
Event: 137.082 Thread 0x0000000056844000 nmethod 8081 0x0000000003147b10 code [0x0000000003147cc0, 0x0000000003148548]

GC Heap History (10 events):
Event: 16.982 GC heap before
{Heap before GC invocations=9 (full 1):
 PSYoungGen      total 74240K, used 74228K [0x00000000eaf00000, 0x00000000f2400000, 0x0000000100000000)
  eden space 65536K, 100% used [0x00000000eaf00000,0x00000000eef00000,0x00000000eef00000)
  from space 8704K, 99% used [0x00000000eef00000,0x00000000ef77d0f8,0x00000000ef780000)
  to   space 13824K, 0% used [0x00000000f1680000,0x00000000f1680000,0x00000000f2400000)
 ParOldGen       total 44544K, used 19916K [0x00000000c0c00000, 0x00000000c3780000, 0x00000000eaf00000)
  object space 44544K, 44% used [0x00000000c0c00000,0x00000000c1f73058,0x00000000c3780000)
 Metaspace       used 33771K, capacity 34892K, committed 35200K, reserved 1079296K
  class space    used 4626K, capacity 4867K, committed 4992K, reserved 1048576K
Event: 17.024 GC heap after
Heap after GC invocations=9 (full 1):
 PSYoungGen      total 98816K, used 13795K [0x00000000eaf00000, 0x00000000f3000000, 0x0000000100000000)
  eden space 84992K, 0% used [0x00000000eaf00000,0x00000000eaf00000,0x00000000f0200000)
  from space 13824K, 99% used [0x00000000f1680000,0x00000000f23f8d70,0x00000000f2400000)
  to   space 20992K, 0% used [0x00000000f0200000,0x00000000f0200000,0x00000000f1680000)
 ParOldGen       total 44544K, used 30569K [0x00000000c0c00000, 0x00000000c3780000, 0x00000000eaf00000)
  object space 44544K, 68% used [0x00000000c0c00000,0x00000000c29da470,0x00000000c3780000)
 Metaspace       used 33771K, capacity 34892K, committed 35200K, reserved 1079296K
  class space    used 4626K, capacity 4867K, committed 4992K, reserved 1048576K
}
Event: 17.293 GC heap before
{Heap before GC invocations=10 (full 1):
 PSYoungGen      total 98816K, used 18738K [0x00000000eaf00000, 0x00000000f3000000, 0x0000000100000000)
  eden space 84992K, 5% used [0x00000000eaf00000,0x00000000eb3d3dd0,0x00000000f0200000)
  from space 13824K, 99% used [0x00000000f1680000,0x00000000f23f8d70,0x00000000f2400000)
  to   space 20992K, 0% used [0x00000000f0200000,0x00000000f0200000,0x00000000f1680000)
 ParOldGen       total 44544K, used 30569K [0x00000000c0c00000, 0x00000000c3780000, 0x00000000eaf00000)
  object space 44544K, 68% used [0x00000000c0c00000,0x00000000c29da470,0x00000000c3780000)
 Metaspace       used 34148K, capacity 35282K, committed 35416K, reserved 1079296K
  class space    used 4665K, capacity 4906K, committed 4992K, reserved 1048576K
Event: 17.321 GC heap after
Heap after GC invocations=10 (full 1):
 PSYoungGen      total 105984K, used 13939K [0x00000000eaf00000, 0x00000000f4800000, 0x0000000100000000)
  eden space 84992K, 0% used [0x00000000eaf00000,0x00000000eaf00000,0x00000000f0200000)
  from space 20992K, 66% used [0x00000000f0200000,0x00000000f0f9cd60,0x00000000f1680000)
  to   space 21504K, 0% used [0x00000000f3300000,0x00000000f3300000,0x00000000f4800000)
 ParOldGen       total 44544K, used 30577K [0x00000000c0c00000, 0x00000000c3780000, 0x00000000eaf00000)
  object space 44544K, 68% used [0x00000000c0c00000,0x00000000c29dc470,0x00000000c3780000)
 Metaspace       used 34148K, capacity 35282K, committed 35416K, reserved 1079296K
  class space    used 4665K, capacity 4906K, committed 4992K, reserved 1048576K
}
Event: 17.321 GC heap before
{Heap before GC invocations=11 (full 2):
 PSYoungGen      total 105984K, used 13939K [0x00000000eaf00000, 0x00000000f4800000, 0x0000000100000000)
  eden space 84992K, 0% used [0x00000000eaf00000,0x00000000eaf00000,0x00000000f0200000)
  from space 20992K, 66% used [0x00000000f0200000,0x00000000f0f9cd60,0x00000000f1680000)
  to   space 21504K, 0% used [0x00000000f3300000,0x00000000f3300000,0x00000000f4800000)
 ParOldGen       total 44544K, used 30577K [0x00000000c0c00000, 0x00000000c3780000, 0x00000000eaf00000)
  object space 44544K, 68% used [0x00000000c0c00000,0x00000000c29dc470,0x00000000c3780000)
 Metaspace       used 34148K, capacity 35282K, committed 35416K, reserved 1079296K
  class space    used 4665K, capacity 4906K, committed 4992K, reserved 1048576K
Event: 17.592 GC heap after
Heap after GC invocations=11 (full 2):
 PSYoungGen      total 105984K, used 0K [0x00000000eaf00000, 0x00000000f4800000, 0x0000000100000000)
  eden space 84992K, 0% used [0x00000000eaf00000,0x00000000eaf00000,0x00000000f0200000)
  from space 20992K, 0% used [0x00000000f0200000,0x00000000f0200000,0x00000000f1680000)
  to   space 21504K, 0% used [0x00000000f3300000,0x00000000f3300000,0x00000000f4800000)
 ParOldGen       total 77312K, used 29731K [0x00000000c0c00000, 0x00000000c5780000, 0x00000000eaf00000)
  object space 77312K, 38% used [0x00000000c0c00000,0x00000000c2908fc0,0x00000000c5780000)
 Metaspace       used 34148K, capacity 35282K, committed 35416K, reserved 1079296K
  class space    used 4665K, capacity 4906K, committed 4992K, reserved 1048576K
}
Event: 37.234 GC heap before
{Heap before GC invocations=12 (full 2):
 PSYoungGen      total 105984K, used 84992K [0x00000000eaf00000, 0x00000000f4800000, 0x0000000100000000)
  eden space 84992K, 100% used [0x00000000eaf00000,0x00000000f0200000,0x00000000f0200000)
  from space 20992K, 0% used [0x00000000f0200000,0x00000000f0200000,0x00000000f1680000)
  to   space 21504K, 0% used [0x00000000f3300000,0x00000000f3300000,0x00000000f4800000)
 ParOldGen       total 77312K, used 29731K [0x00000000c0c00000, 0x00000000c5780000, 0x00000000eaf00000)
  object space 77312K, 38% used [0x00000000c0c00000,0x00000000c2908fc0,0x00000000c5780000)
 Metaspace       used 39008K, capacity 40856K, committed 41176K, reserved 1085440K
  class space    used 5170K, capacity 5519K, committed 5632K, reserved 1048576K
Event: 37.294 GC heap after
Heap after GC invocations=12 (full 2):
 PSYoungGen      total 130048K, used 9590K [0x00000000eaf00000, 0x00000000f4480000, 0x0000000100000000)
  eden space 112128K, 0% used [0x00000000eaf00000,0x00000000eaf00000,0x00000000f1c80000)
  from space 17920K, 53% used [0x00000000f3300000,0x00000000f3c5dac0,0x00000000f4480000)
  to   space 20480K, 0% used [0x00000000f1c80000,0x00000000f1c80000,0x00000000f3080000)
 ParOldGen       total 77312K, used 29739K [0x00000000c0c00000, 0x00000000c5780000, 0x00000000eaf00000)
  object space 77312K, 38% used [0x00000000c0c00000,0x00000000c290afc0,0x00000000c5780000)
 Metaspace       used 39008K, capacity 40856K, committed 41176K, reserved 1085440K
  class space    used 5170K, capacity 5519K, committed 5632K, reserved 1048576K
}
Event: 118.762 GC heap before
{Heap before GC invocations=13 (full 2):
 PSYoungGen      total 130048K, used 121718K [0x00000000eaf00000, 0x00000000f4480000, 0x0000000100000000)
  eden space 112128K, 100% used [0x00000000eaf00000,0x00000000f1c80000,0x00000000f1c80000)
  from space 17920K, 53% used [0x00000000f3300000,0x00000000f3c5dac0,0x00000000f4480000)
  to   space 20480K, 0% used [0x00000000f1c80000,0x00000000f1c80000,0x00000000f3080000)
 ParOldGen       total 77312K, used 29739K [0x00000000c0c00000, 0x00000000c5780000, 0x00000000eaf00000)
  object space 77312K, 38% used [0x00000000c0c00000,0x00000000c290afc0,0x00000000c5780000)
 Metaspace       used 40323K, capacity 42244K, committed 42584K, reserved 1085440K
  class space    used 5311K, capacity 5649K, committed 5760K, reserved 1048576K
Event: 118.857 GC heap after
Heap after GC invocations=13 (full 2):
 PSYoungGen      total 132608K, used 8580K [0x00000000eaf00000, 0x00000000f6100000, 0x0000000100000000)
  eden space 112128K, 0% used [0x00000000eaf00000,0x00000000eaf00000,0x00000000f1c80000)
  from space 20480K, 41% used [0x00000000f1c80000,0x00000000f24e1300,0x00000000f3080000)
  to   space 19456K, 0% used [0x00000000f4e00000,0x00000000f4e00000,0x00000000f6100000)
 ParOldGen       total 77312K, used 38423K [0x00000000c0c00000, 0x00000000c5780000, 0x00000000eaf00000)
  object space 77312K, 49% used [0x00000000c0c00000,0x00000000c3185cf8,0x00000000c5780000)
 Metaspace       used 40323K, capacity 42244K, committed 42584K, reserved 1085440K
  class space    used 5311K, capacity 5649K, committed 5760K, reserved 1048576K
}

Deoptimization events (10 events):
Event: 92.992 Thread 0x0000000057323000 Uncommon trap: reason=unstable_if action=reinterpret pc=0x0000000003aed714 method=com.sun.javafx.sg.prism.NGNode.getOpaqueRegion()Lcom/sun/javafx/geom/RectBounds; @ 11
Event: 95.201 Thread 0x000000005734a800 Uncommon trap: reason=class_check action=maybe_recompile pc=0x00000000030a4170 method=java.util.WeakHashMap.eq(Ljava/lang/Object;Ljava/lang/Object;)Z @ 7
Event: 95.306 Thread 0x000000005734a800 Uncommon trap: reason=null_check action=make_not_entrant pc=0x00000000032a8224 method=javafx.scene.Node$MiscProperties.getEffect()Ljavafx/scene/effect/Effect; @ 20
Event: 95.313 Thread 0x000000005734a800 Uncommon trap: reason=unstable_if action=reinterpret pc=0x00000000038ee960 method=javafx.scene.paint.Color.equals(Ljava/lang/Object;)Z @ 40
Event: 97.177 Thread 0x000000005734a800 Uncommon trap: reason=null_check action=make_not_entrant pc=0x0000000002ee6d34 method=javafx.beans.property.StringPropertyBase.set(Ljava/lang/String;)V @ 111
Event: 112.707 Thread 0x0000000057323000 Uncommon trap: reason=unstable_if action=reinterpret pc=0x0000000002ef8a0c method=com.sun.javafx.sg.prism.NGText.renderContent2D(Lcom/sun/prism/Graphics;Z)V @ 124
Event: 112.707 Thread 0x0000000057323000 Uncommon trap: reason=unstable_if action=reinterpret pc=0x00000000039bee28 method=com.sun.prism.impl.ps.BaseShaderGraphics.drawString(Lcom/sun/javafx/scene/text/GlyphList;Lcom/sun/javafx/font/FontStrike;FFLcom/sun/prism/paint/Color;II)V @ 596
Event: 112.708 Thread 0x0000000057323000 Uncommon trap: reason=unstable_if action=reinterpret pc=0x00000000036dbb2c method=com.sun.prism.impl.GlyphCache.render(Lcom/sun/prism/impl/BaseContext;Lcom/sun/javafx/scene/text/GlyphList;FFIILcom/sun/prism/paint/Color;Lcom/sun/prism/paint/Color;Lcom/sun/
Event: 137.083 Thread 0x0000000057323000 Uncommon trap: reason=unstable_if action=reinterpret pc=0x0000000003c0b158 method=java.util.concurrent.locks.AbstractQueuedSynchronizer$ConditionObject.checkInterruptWhileWaiting(Ljava/util/concurrent/locks/AbstractQueuedSynchronizer$Node;)I @ 3
Event: 137.084 Thread 0x000000005a63a000 Uncommon trap: reason=unstable_if action=reinterpret pc=0x0000000002bd2528 method=java.util.concurrent.locks.ReentrantLock$Sync.tryRelease(I)Z @ 28

Internal exceptions (10 events):
Event: 12.405 Thread 0x000000005734a800 Exception <a 'java/lang/NoClassDefFoundError': javax/validation/Validation> (0x00000000ed595500) thrown at [C:\re\workspace\8-2-build-windows-amd64-cygwin\jdk8u111\7883\hotspot\src\share\vm\classfile\systemDictionary.cpp, line 199]
Event: 13.283 Thread 0x000000005734a800 Implicit null exception at 0x0000000002b65cf9 to 0x0000000002b65e69
Event: 17.279 Thread 0x000000005734a800 Exception <a 'java/io/FileNotFoundException'> (0x00000000eb2d55f0) thrown at [C:\re\workspace\8-2-build-windows-amd64-cygwin\jdk8u111\7883\hotspot\src\share\vm\prims\jni.cpp, line 709]
Event: 48.907 Thread 0x000000005734a800 Exception <a 'java/lang/ClassCastException': java.util.ArrayList cannot be cast to java.util.Vector> (0x00000000eb5ac9f0) thrown at [C:\re\workspace\8-2-build-windows-amd64-cygwin\jdk8u111\7883\hotspot\src\share\vm\interpreter\interpreterRuntime.cpp, line
Event: 63.432 Thread 0x000000005734a800 Exception <a 'java/lang/reflect/InvocationTargetException'> (0x00000000ec974070) thrown at [C:\re\workspace\8-2-build-windows-amd64-cygwin\jdk8u111\7883\hotspot\src\share\vm\runtime\reflection.cpp, line 1092]
Event: 63.432 Thread 0x000000005734a800 Exception <a 'java/lang/RuntimeException'> (0x00000000ec974860) thrown at [C:\re\workspace\8-2-build-windows-amd64-cygwin\jdk8u111\7883\hotspot\src\share\vm\prims\jvm.cpp, line 1390]
Event: 95.306 Thread 0x000000005734a800 Implicit null exception at 0x00000000032a79fa to 0x00000000032a820d
Event: 97.177 Thread 0x000000005734a800 Implicit null exception at 0x0000000002ee6c34 to 0x0000000002ee6d27
Event: 137.064 Thread 0x00000000573e1800 Exception <a 'java/lang/IncompatibleClassChangeError'> (0x00000000eb112bd0) thrown at [C:\re\workspace\8-2-build-windows-amd64-cygwin\jdk8u111\7883\hotspot\src\share\vm\oops\instanceKlass.cpp, line 2838]
Event: 137.086 Thread 0x000000005a63a000 Exception <a 'java/lang/IllegalStateException'> (0x00000000ee6d3748) thrown at [C:\re\workspace\8-2-build-windows-amd64-cygwin\jdk8u111\7883\hotspot\src\share\vm\prims\jvm.cpp, line 1390]

Events (10 events):
Event: 137.079 Thread 0x000000005a636000 Thread exited: 0x000000005a636000
Event: 137.080 Thread 0x0000000057323000 Uncommon trap: trap_request=0xffffff65 fr.pc=0x0000000003c0b158
Event: 137.083 Thread 0x0000000057323000 DEOPT PACKING pc=0x0000000003c0b158 sp=0x0000000057c7ed00
Event: 137.083 Thread 0x0000000057323000 DEOPT UNPACKING pc=0x000000000270582a sp=0x0000000057c7ec58 mode 2
Event: 137.080 Thread 0x000000005a63a000 Uncommon trap: trap_request=0xffffff65 fr.pc=0x0000000002bd2528
Event: 137.084 Thread 0x000000005a63a000 DEOPT PACKING pc=0x0000000002bd2528 sp=0x00000000629fe110
Event: 137.084 Thread 0x000000005a63a000 DEOPT UNPACKING pc=0x000000000270582a sp=0x00000000629fdfe0 mode 2
Event: 137.084 loading class com/sun/javafx/tk/quantum/QuantumToolkit
Event: 137.084 loading class com/sun/javafx/tk/quantum/QuantumToolkit done
Event: 137.086 Thread 0x000000005a63a000 Thread exited: 0x000000005a63a000


Dynamic libraries:
0x000000013fb30000 - 0x000000013fb67000 	C:\Program Files\Java\jre1.8.0_111\bin\javaw.exe
0x0000000077cb0000 - 0x0000000077e4f000 	C:\Windows\SYSTEM32\ntdll.dll
0x000000006dcb0000 - 0x000000006dcfd000 	C:\Program Files\AVAST Software\Avast\snxhk64.dll
0x0000000077b90000 - 0x0000000077caf000 	C:\Windows\system32\KERNEL32.dll
0x000007fefda40000 - 0x000007fefdaaa000 	C:\Windows\system32\KERNELBASE.dll
0x000007fefdbc0000 - 0x000007fefdc9b000 	C:\Windows\system32\ADVAPI32.dll
0x000007fefe9c0000 - 0x000007fefea5f000 	C:\Windows\system32\msvcrt.dll
0x000007fefe870000 - 0x000007fefe88f000 	C:\Windows\SYSTEM32\sechost.dll
0x000007fefe890000 - 0x000007fefe9bd000 	C:\Windows\system32\RPCRT4.dll
0x0000000077a90000 - 0x0000000077b8a000 	C:\Windows\system32\USER32.dll
0x000007fefe7f0000 - 0x000007fefe857000 	C:\Windows\system32\GDI32.dll
0x000007fefe860000 - 0x000007fefe86e000 	C:\Windows\system32\LPK.dll
0x000007feffed0000 - 0x000007fefff9b000 	C:\Windows\system32\USP10.dll
0x000007fefbe70000 - 0x000007fefc064000 	C:\Windows\WinSxS\amd64_microsoft.windows.common-controls_6595b64144ccf1df_6.0.7601.18837_none_fa3b1e3d17594757\COMCTL32.dll
0x000007feffe40000 - 0x000007feffeb1000 	C:\Windows\system32\SHLWAPI.dll
0x000007feff910000 - 0x000007feff93e000 	C:\Windows\system32\IMM32.DLL
0x000007fefdd80000 - 0x000007fefde89000 	C:\Windows\system32\MSCTF.dll
0x000000006afb0000 - 0x000000006b082000 	C:\Program Files\Java\jre1.8.0_111\bin\msvcr100.dll
0x000000006a030000 - 0x000000006a8ca000 	C:\Program Files\Java\jre1.8.0_111\bin\server\jvm.dll
0x000007fef0eb0000 - 0x000007fef0eb9000 	C:\Windows\system32\WSOCK32.dll
0x000007feffdf0000 - 0x000007feffe3d000 	C:\Windows\system32\WS2_32.dll
0x000007feffec0000 - 0x000007feffec8000 	C:\Windows\system32\NSI.dll
0x000007fef6cd0000 - 0x000007fef6d0b000 	C:\Windows\system32\WINMM.dll
0x000007fefc8e0000 - 0x000007fefc8ec000 	C:\Windows\system32\VERSION.dll
0x0000000077e50000 - 0x0000000077e57000 	C:\Windows\system32\PSAPI.DLL
0x0000000074a80000 - 0x0000000074a8f000 	C:\Program Files\Java\jre1.8.0_111\bin\verify.dll
0x0000000073f50000 - 0x0000000073f79000 	C:\Program Files\Java\jre1.8.0_111\bin\java.dll
0x0000000074a40000 - 0x0000000074a56000 	C:\Program Files\Java\jre1.8.0_111\bin\zip.dll
0x000007fefeb20000 - 0x000007feff8aa000 	C:\Windows\system32\SHELL32.dll
0x000007fefe0f0000 - 0x000007fefe2ef000 	C:\Windows\system32\ole32.dll
0x000007fefd810000 - 0x000007fefd81f000 	C:\Windows\system32\profapi.dll
0x000007fee5140000 - 0x000007fee522f000 	C:\Program Files\Java\jre1.8.0_111\bin\msvcr120.dll
0x000007fee2200000 - 0x000007fee22a6000 	C:\Program Files\Java\jre1.8.0_111\bin\msvcp120.dll
0x000000006b840000 - 0x000000006b862000 	C:\Program Files\Java\jre1.8.0_111\bin\prism_d3d.dll
0x000007fee1af0000 - 0x000007fee1cef000 	C:\Windows\system32\d3d9.dll
0x000007fefbe30000 - 0x000007fefbe37000 	C:\Windows\system32\d3d8thk.dll
0x000007fefb9d0000 - 0x000007fefb9e8000 	C:\Windows\system32\dwmapi.dll
0x000007fefbdb0000 - 0x000007fefbe06000 	C:\Windows\system32\uxtheme.dll
0x000000006b7f0000 - 0x000000006b833000 	C:\Program Files\Java\jre1.8.0_111\bin\glass.dll
0x000007fefe2f0000 - 0x000007fefe387000 	C:\Windows\system32\COMDLG32.dll
0x000007fefdca0000 - 0x000007fefdd7a000 	C:\Windows\system32\OLEAUT32.dll
0x000007fefd6a0000 - 0x000007fefd6af000 	C:\Windows\system32\CRYPTBASE.dll
0x000000006b150000 - 0x000000006b164000 	C:\Program Files\Java\jre1.8.0_111\bin\javafx_font.dll
0x000007fee1140000 - 0x000007fee12d7000 	C:\Windows\system32\dwrite.dll
0x000007fefea80000 - 0x000007fefeb19000 	C:\Windows\system32\CLBCatQ.DLL
0x000007fefb770000 - 0x000007fefb8d1000 	C:\Windows\system32\WindowsCodecs.dll
0x000007fefd640000 - 0x000007fefd697000 	C:\Windows\system32\apphelp.dll
0x0000000073810000 - 0x0000000073835000 	C:\Program Files\AVAST Software\Avast\ashShA64.dll
0x000007fef9bb0000 - 0x000007fef9ece000 	C:\Windows\system32\msi.dll
0x000007fef9ad0000 - 0x000007fef9b05000 	C:\Windows\system32\EhStorShell.dll
0x000007fefdf10000 - 0x000007fefe0e7000 	C:\Windows\system32\SETUPAPI.dll
0x000007fefd9f0000 - 0x000007fefda26000 	C:\Windows\system32\CFGMGR32.dll
0x000007fefdb70000 - 0x000007fefdb8a000 	C:\Windows\system32\DEVOBJ.dll
0x000007fefc1a0000 - 0x000007fefc2cc000 	C:\Windows\system32\PROPSYS.dll
0x000007fef8250000 - 0x000007fef88bf000 	C:\PROGRA~1\MICROS~2\Office14\GROOVEEX.DLL
0x0000000075080000 - 0x0000000075123000 	C:\Windows\WinSxS\amd64_microsoft.vc90.crt_1fc8b3b9a1e18e3b_9.0.30729.6161_none_08e61857a83bc251\MSVCR90.dll
0x0000000075130000 - 0x0000000075203000 	C:\Windows\WinSxS\amd64_microsoft.vc90.crt_1fc8b3b9a1e18e3b_9.0.30729.6161_none_08e61857a83bc251\MSVCP90.dll
0x00000000753d0000 - 0x00000000753ff000 	C:\Windows\WinSxS\amd64_microsoft.vc90.atl_1fc8b3b9a1e18e3b_9.0.30729.6161_none_0a1fd3a3a768b895\ATL90.DLL
0x000007fef96b0000 - 0x000007fef9aca000 	C:\PROGRA~1\COMMON~1\MICROS~1\OFFICE14\Cultures\office.odf
0x000007fef79d0000 - 0x000007fef8250000 	C:\PROGRA~1\MICROS~2\Office14\3082\GrooveIntlResource.dll
0x000007fef7950000 - 0x000007fef79ce000 	C:\Windows\System32\cscui.dll
0x000007fef9570000 - 0x000007fef957c000 	C:\Windows\System32\CSCDLL.dll
0x000007fef9560000 - 0x000007fef956f000 	C:\Windows\system32\CSCAPI.dll
0x000007fef78d0000 - 0x000007fef7950000 	C:\Windows\system32\ntshrui.dll
0x000007fefd3a0000 - 0x000007fefd3c3000 	C:\Windows\system32\srvcli.dll
0x000007fefb370000 - 0x000007fefb37b000 	C:\Windows\system32\slc.dll
0x000007fee50d0000 - 0x000007fee50fd000 	C:\Program Files\Common Files\Microsoft Shared\Ink\rtscom.dll
0x000000006b130000 - 0x000000006b141000 	C:\Program Files\Java\jre1.8.0_111\bin\prism_common.dll
0x000000006b2c0000 - 0x000000006b2e4000 	C:\Program Files\Java\jre1.8.0_111\bin\sunec.dll
0x0000000074a20000 - 0x0000000074a3a000 	C:\Program Files\Java\jre1.8.0_111\bin\net.dll
0x000007fefcfd0000 - 0x000007fefd025000 	C:\Windows\system32\mswsock.dll
0x000007fefcfc0000 - 0x000007fefcfc7000 	C:\Windows\System32\wship6.dll
0x000007fefb300000 - 0x000007fefb327000 	C:\Windows\system32\IPHLPAPI.DLL
0x000007fefb2f0000 - 0x000007fefb2fb000 	C:\Windows\system32\WINNSI.DLL
0x000007fefb020000 - 0x000007fefb038000 	C:\Windows\system32\dhcpcsvc.DLL
0x000007fefb000000 - 0x000007fefb011000 	C:\Windows\system32\dhcpcsvc6.DLL
0x000000006dfe0000 - 0x000000006dff1000 	C:\Program Files\Java\jre1.8.0_111\bin\nio.dll
0x000007fefc9b0000 - 0x000007fefc9b7000 	C:\Windows\System32\wshtcpip.dll
0x000007fefce50000 - 0x000007fefceab000 	C:\Windows\system32\DNSAPI.dll
0x000007fee9f90000 - 0x000007fee9f98000 	C:\Windows\system32\rasadhlp.dll
0x000007fefb090000 - 0x000007fefb0e3000 	C:\Windows\System32\fwpuclnt.dll
0x000000006ba50000 - 0x000000006bbe8000 	C:\Program Files\Java\jre1.8.0_111\bin\awt.dll
0x000007fef2570000 - 0x000007fef2695000 	C:\Windows\system32\dbghelp.dll

VM Arguments:
jvm_args: -Dfile.encoding=Cp1252 
java_command: ec.com.jaapz.main.LaunchSystem
java_class_path (initial): C:\Program Files\Java\jre1.8.0_111\lib\resources.jar;C:\Program Files\Java\jre1.8.0_111\lib\rt.jar;C:\Program Files\Java\jre1.8.0_111\lib\jsse.jar;C:\Program Files\Java\jre1.8.0_111\lib\jce.jar;C:\Program Files\Java\jre1.8.0_111\lib\charsets.jar;C:\Program Files\Java\jre1.8.0_111\lib\jfr.jar;C:\Program Files\Java\jre1.8.0_111\lib\ext\access-bridge-64.jar;C:\Program Files\Java\jre1.8.0_111\lib\ext\cldrdata.jar;C:\Program Files\Java\jre1.8.0_111\lib\ext\dnsns.jar;C:\Program Files\Java\jre1.8.0_111\lib\ext\jaccess.jar;C:\Program Files\Java\jre1.8.0_111\lib\ext\jfxrt.jar;C:\Program Files\Java\jre1.8.0_111\lib\ext\localedata.jar;C:\Program Files\Java\jre1.8.0_111\lib\ext\nashorn.jar;C:\Program Files\Java\jre1.8.0_111\lib\ext\sunec.jar;C:\Program Files\Java\jre1.8.0_111\lib\ext\sunjce_provider.jar;C:\Program Files\Java\jre1.8.0_111\lib\ext\sunmscapi.jar;C:\Program Files\Java\jre1.8.0_111\lib\ext\sunpkcs11.jar;C:\Program Files\Java\jre1.8.0_111\lib\ext\zipfs.jar;D:\JMGM\UPSE\10º Semestre\Soluciones Tecnológicas\Nuevo_Rep_JAAPZ\Proyecto_Tesis_JAAPZ\bin;C:\eclipse\plugins\org.eclipse.fx.ide.css.jfx8_3.0.0.201705220750.jar;D:\JMGM\UPSE\10º Semestre\Soluciones Tecnológicas\Nuevo_Rep_JAAPZ\Proyecto_Tesis_JAAPZ\lib\commons-codec-1.9.jar;D:\JMGM\UPSE\10º Semestre\Soluciones Tecnológicas\Nuevo_Rep_JAAPZ\Proyecto_Tesis_JAAPZ\lib\commons-collections-3.2.2.jar;D:\JMGM\UPSE\10º Semestre\Soluciones Tecnológicas\Nuevo_Rep_JAAPZ\Proyecto_Tesis_JAAPZ\lib\commons-digester-2.1.jar;D:\JMGM\UPSE\10º Semestre\Soluciones Tecnológicas\Nuevo_Rep_JAAPZ\Proyecto_Tesis_JAAPZ\lib\commons-logging-1.2.jar;D:\JMGM\UPSE\10º Semestre\Soluciones Tecnológicas\Nuevo_Rep_JAAPZ\Proyecto_Tesis_JAAPZ\lib\controlsfx-8.40.14.jar;D:\JMGM\UPSE\10º Semestre\Soluciones Tecnológicas\Nuevo_Rep_JAAPZ\Proyecto_Tesis_JAAPZ\lib\jasperreports-6.3.0.jar;D:\JMGM\UPSE\10º Semestre\Soluciones Tecnológicas\Nuevo_Rep_JAAPZ\Proyecto_Tesis_JAAPZ\lib\javax.persistence-2.1.0.jar;D:\JMGM\UPSE\10º Semestre\S
Launcher Type: SUN_STANDARD

Environment Variables:
PATH=C:/Program Files/Java/jre1.8.0_111/bin/server;C:/Program Files/Java/jre1.8.0_111/bin;C:/Program Files/Java/jre1.8.0_111/lib/amd64;C:\ProgramData\Oracle\Java\javapath;C:\Windows\system32;C:\Windows;C:\Windows\System32\Wbem;C:\Windows\System32\WindowsPowerShell\v1.0\;C:\Program Files (x86)\Intel\OpenCL SDK\2.0\bin\x86;C:\Program Files (x86)\Intel\OpenCL SDK\2.0\bin\x64;C:\Program Files (x86)\Windows Kits\8.1\Windows Performance Toolkit\;C:\Program Files\Microsoft SQL Server\110\Tools\Binn\;C:\Program Files\Microsoft SQL Server\110\DTS\Binn\;C:\Program Files (x86)\Microsoft SQL Server\110\Tools\Binn\;C:\Program Files (x86)\Microsoft SQL Server\110\Tools\Binn\ManagementStudio\;C:\Program Files (x86)\Microsoft Visual Studio 10.0\Common7\IDE\PrivateAssemblies\;C:\Program Files (x86)\Microsoft SQL Server\110\DTS\Binn\;C:\Program Files\Git\cmd;C:\eclipse;
USERNAME=USER
OS=Windows_NT
PROCESSOR_IDENTIFIER=Intel64 Family 6 Model 42 Stepping 7, GenuineIntel



---------------  S Y S T E M  ---------------

OS: Windows 7 , 64 bit Build 7601 (6.1.7601.24308)

CPU:total 4 (2 cores per cpu, 2 threads per core) family 6 model 42 stepping 7, cmov, cx8, fxsr, mmx, sse, sse2, sse3, ssse3, sse4.1, sse4.2, popcnt, avx, clmul, ht, tsc, tscinvbit

Memory: 4k page, physical 4140912k(1301532k free), swap 8279924k(3589012k free)

vm_info: Java HotSpot(TM) 64-Bit Server VM (25.111-b14) for windows-amd64 JRE (1.8.0_111-b14), built on Sep 22 2016 19:24:05 by "java_re" with MS VC++ 10.0 (VS2010)

time: Sat Jan 05 00:13:06 2019
elapsed time: 137 seconds (0d 0h 2m 17s)

